<?xml version="1.0" encoding="UTF-8"?>
<!-- Generated by org.testng.reporters.JUnitReportReporter -->
<testsuite hostname="THANHKHANH" failures="0" tests="1" name="helloworld_thanh.TestHellowWorld" time="0.003" errors="0" timestamp="2020-06-13T21:23:44 PDT" skipped="0">
  <testcase classname="helloworld_thanh.TestHellowWorld" name="testHellowWorld" time="0.003"/>
  <system-out/>
</testsuite> <!-- helloworld_thanh.TestHellowWorld -->
